[    0.000000] Linux version 4.15.0-136-generic (buildd@lcy01-amd64-029) (gcc version 7.5.0 (Ubuntu 7.5.0-3ubuntu1~18.04)) #140-Ubuntu SMP Thu Jan 28 05:20:47 UTC 2021 (Ubuntu 4.15.0-136.140-generic 4.15.18)
[    0.000000] Command line: BOOT_IMAGE=/boot/vmlinuz-4.15.0-136-generic root=LABEL=cloudimg-rootfs ro console=tty1 console=ttyS0
[    0.000000] KERNEL supported cpus:
[    0.000000]   Intel GenuineIntel
[    0.000000]   AMD AuthenticAMD
[    0.000000]   Centaur CentaurHauls
[    0.000000] [Firmware Bug]: TSC doesn't count with P0 frequency!
[    0.000000] x86/fpu: Supporting XSAVE feature 0x001: 'x87 floating point registers'
[    0.000000] x86/fpu: Supporting XSAVE feature 0x002: 'SSE registers'
[    0.000000] x86/fpu: Supporting XSAVE feature 0x004: 'AVX registers'
[    0.000000] x86/fpu: xstate_offset[2]:  576, xstate_sizes[2]:  256
[    0.000000] x86/fpu: Enabled xstate features 0x7, context size is 832 bytes, using 'standard' format.
[    0.000000] e820: BIOS-provided physical RAM map:
[    0.000000] BIOS-e820: [mem 0x0000000000000000-0x000000000009fbff] usable
[    0.000000] BIOS-e820: [mem 0x000000000009fc00-0x000000000009ffff] reserved
[    0.000000] BIOS-e820: [mem 0x00000000000f0000-0x00000000000fffff] reserved
[    0.000000] BIOS-e820: [mem 0x0000000000100000-0x000000007ffeffff] usable
[    0.000000] BIOS-e820: [mem 0x000000007fff0000-0x000000007fffffff] ACPI data
[    0.000000] BIOS-e820: [mem 0x00000000fec00000-0x00000000fec00fff] reserved
[    0.000000] BIOS-e820: [mem 0x00000000fee00000-0x00000000fee00fff] reserved
[    0.000000] BIOS-e820: [mem 0x00000000fffc0000-0x00000000ffffffff] reserved
[    0.000000] NX (Execute Disable) protection: active
[    0.000000] SMBIOS 2.5 present.
[    0.000000] DMI: innotek GmbH VirtualBox/VirtualBox, BIOS VirtualBox 12/01/2006
[    0.000000] Hypervisor detected: KVM
[    0.000000] e820: last_pfn = 0x7fff0 max_arch_pfn = 0x400000000
[    0.000000] MTRR: Disabled
[    0.000000] x86/PAT: MTRRs disabled, skipping PAT initialization too.
[    0.000000] CPU MTRRs all blank - virtualized system.
[    0.000000] x86/PAT: Configuration [0-7]: WB  WT  UC- UC  WB  WT  UC- UC  
[    0.000000] found SMP MP-table at [mem 0x0009fff0-0x0009ffff]
[    0.000000] Scanning 1 areas for low memory corruption
[    0.000000] RAMDISK: [mem 0x35a63000-0x36d28fff]
[    0.000000] ACPI: Early table checksum verification disabled
[    0.000000] ACPI: RSDP 0x00000000000E0000 000024 (v02 VBOX  )
[    0.000000] ACPI: XSDT 0x000000007FFF0030 00003C (v01 VBOX   VBOXXSDT 00000001 ASL  00000061)
[    0.000000] ACPI: FACP 0x000000007FFF00F0 0000F4 (v04 VBOX   VBOXFACP 00000001 ASL  00000061)
[    0.000000] ACPI: DSDT 0x000000007FFF0470 002325 (v02 VBOX   VBOXBIOS 00000002 INTL 20100528)
[    0.000000] ACPI: FACS 0x000000007FFF0200 000040
[    0.000000] ACPI: FACS 0x000000007FFF0200 000040
[    0.000000] ACPI: APIC 0x000000007FFF0240 00005C (v02 VBOX   VBOXAPIC 00000001 ASL  00000061)
[    0.000000] ACPI: SSDT 0x000000007FFF02A0 0001CC (v01 VBOX   VBOXCPUT 00000002 INTL 20100528)
[    0.000000] No NUMA configuration found
[    0.000000] Faking a node at [mem 0x0000000000000000-0x000000007ffeffff]
[    0.000000] NODE_DATA(0) allocated [mem 0x7ffc5000-0x7ffeffff]
[    0.000000] kvm-clock: cpu 0, msr 0:7ff44001, primary cpu clock
[    0.000000] kvm-clock: Using msrs 4b564d01 and 4b564d00
[    0.000000] kvm-clock: using sched offset of 4082641041 cycles
[    0.000000] clocksource: kvm-clock: mask: 0xffffffffffffffff max_cycles: 0x1cd42e4dffb, max_idle_ns: 881590591483 ns
[    0.000000] Zone ranges:
[    0.000000]   DMA      [mem 0x0000000000001000-0x0000000000ffffff]
[    0.000000]   DMA32    [mem 0x0000000001000000-0x000000007ffeffff]
[    0.000000]   Normal   empty
[    0.000000]   Device   empty
[    0.000000] Movable zone start for each node
[    0.000000] Early memory node ranges
[    0.000000]   node   0: [mem 0x0000000000001000-0x000000000009efff]
[    0.000000]   node   0: [mem 0x0000000000100000-0x000000007ffeffff]
[    0.000000] Reserved but unavailable: 98 pages
[    0.000000] Initmem setup node 0 [mem 0x0000000000001000-0x000000007ffeffff]
[    0.000000] ACPI: PM-Timer IO Port: 0x4008
[    0.000000] IOAPIC[0]: apic_id 2, version 32, address 0xfec00000, GSI 0-23
[    0.000000] ACPI: INT_SRC_OVR (bus 0 bus_irq 0 global_irq 2 dfl dfl)
[    0.000000] ACPI: INT_SRC_OVR (bus 0 bus_irq 9 global_irq 9 low level)
[    0.000000] Using ACPI (MADT) for SMP configuration information
[    0.000000] smpboot: Allowing 2 CPUs, 0 hotplug CPUs
[    0.000000] PM: Registered nosave memory: [mem 0x00000000-0x00000fff]
[    0.000000] PM: Registered nosave memory: [mem 0x0009f000-0x0009ffff]
[    0.000000] PM: Registered nosave memory: [mem 0x000a0000-0x000effff]
[    0.000000] PM: Registered nosave memory: [mem 0x000f0000-0x000fffff]
[    0.000000] e820: [mem 0x80000000-0xfebfffff] available for PCI devices
[    0.000000] Booting paravirtualized kernel on KVM
[    0.000000] clocksource: refined-jiffies: mask: 0xffffffff max_cycles: 0xffffffff, max_idle_ns: 7645519600211568 ns
[    0.000000] random: get_random_bytes called from start_kernel+0x99/0x500 with crng_init=0
[    0.000000] setup_percpu: NR_CPUS:8192 nr_cpumask_bits:2 nr_cpu_ids:2 nr_node_ids:1
[    0.000000] percpu: Embedded 45 pages/cpu s147456 r8192 d28672 u1048576
[    0.000000] PV qspinlock hash table entries: 256 (order: 0, 4096 bytes)
[    0.000000] Built 1 zonelists, mobility grouping on.  Total pages: 515961
[    0.000000] Policy zone: DMA32
[    0.000000] Kernel command line: BOOT_IMAGE=/boot/vmlinuz-4.15.0-136-generic root=LABEL=cloudimg-rootfs ro console=tty1 console=ttyS0
[    0.000000] Memory: 2015212K/2096696K available (12300K kernel code, 2482K rwdata, 4276K rodata, 2440K init, 2724K bss, 81484K reserved, 0K cma-reserved)
[    0.000000] SLUB: HWalign=64, Order=0-3, MinObjects=0, CPUs=2, Nodes=1
[    0.000000] ftrace: allocating 39427 entries in 155 pages
[    0.004000] Hierarchical RCU implementation.
[    0.004000] 	RCU restricting CPUs from NR_CPUS=8192 to nr_cpu_ids=2.
[    0.004000] 	Tasks RCU enabled.
[    0.004000] RCU: Adjusting geometry for rcu_fanout_leaf=16, nr_cpu_ids=2
[    0.004000] NR_IRQS: 524544, nr_irqs: 440, preallocated irqs: 16
[    0.004000] Console: colour VGA+ 80x25
[    0.004000] console [tty1] enabled
[    0.004000] console [ttyS0] enabled
[    0.004000] ACPI: Core revision 20170831
[    0.004000] ACPI: 2 ACPI AML tables successfully acquired and loaded
[    0.004000] APIC: Switch to symmetric I/O mode setup
[    0.004000] x2apic enabled
[    0.004000] Switched APIC routing to physical x2apic.
[    0.004000] ..TIMER: vector=0x30 apic1=0 pin1=2 apic2=-1 pin2=-1
[    0.004000] tsc: Detected 1996.250 MHz processor
[    0.004000] Calibrating delay loop (skipped) preset value.. 3992.50 BogoMIPS (lpj=7985000)
[    0.004000] pid_max: default: 32768 minimum: 301
[    0.004000] Security Framework initialized
[    0.004000] Yama: becoming mindful.
[    0.004000] AppArmor: AppArmor initialized
[    0.004000] Dentry cache hash table entries: 262144 (order: 9, 2097152 bytes)
[    0.004000] Inode-cache hash table entries: 131072 (order: 8, 1048576 bytes)
[    0.004000] Mount-cache hash table entries: 4096 (order: 3, 32768 bytes)
[    0.004000] Mountpoint-cache hash table entries: 4096 (order: 3, 32768 bytes)
[    0.004000] Last level iTLB entries: 4KB 1024, 2MB 1024, 4MB 512
[    0.004000] Last level dTLB entries: 4KB 1536, 2MB 1536, 4MB 768, 1GB 0
[    0.004000] Spectre V1 : Mitigation: usercopy/swapgs barriers and __user pointer sanitization
[    0.004000] Spectre V2 : Spectre mitigation: LFENCE not serializing, switching to generic retpoline
[    0.004000] Spectre V2 : Mitigation: Full generic retpoline
[    0.004000] Spectre V2 : Spectre v2 / SpectreRSB mitigation: Filling RSB on context switch
[    0.004000] Speculative Store Bypass: Mitigation: Speculative Store Bypass disabled via prctl and seccomp
[    0.004000] Freeing SMP alternatives memory: 36K
[    0.139370] APIC calibration not consistent with PM-Timer: 119ms instead of 100ms
[    0.140000] APIC delta adjusted to PM-Timer: 6430734 (7677326)
[    0.140098] smpboot: CPU0: AMD Ryzen 5 2500U with Radeon Vega Mobile Gfx (family: 0x17, model: 0x11, stepping: 0x0)
[    0.142701] Performance Events: PMU not available due to virtualization, using software events only.
[    0.144110] Hierarchical SRCU implementation.
[    0.148382] NMI watchdog: Perf event create on CPU 0 failed with -2
[    0.149966] NMI watchdog: Perf NMI watchdog permanently disabled
[    0.151495] smp: Bringing up secondary CPUs ...
[    0.152167] x86: Booting SMP configuration:
[    0.153290] .... node  #0, CPUs:      #1
[    0.004000] kvm-clock: cpu 1, msr 0:7ff44041, secondary cpu clock
[    0.158667] smp: Brought up 1 node, 2 CPUs
[    0.158667] smpboot: Max logical packages: 1
[    0.160017] smpboot: Total of 2 processors activated (7985.00 BogoMIPS)
[    0.161904] devtmpfs: initialized
[    0.164090] x86/mm: Memory block size: 128MB
[    0.165631] evm: security.selinux
[    0.166353] evm: security.SMACK64
[    0.167056] evm: security.SMACK64EXEC
[    0.168006] evm: security.SMACK64TRANSMUTE
[    0.168836] evm: security.SMACK64MMAP
[    0.169616] evm: security.apparmor
[    0.170351] evm: security.ima
[    0.170978] evm: security.capability
[    0.172175] clocksource: jiffies: mask: 0xffffffff max_cycles: 0xffffffff, max_idle_ns: 7645041785100000 ns
[    0.173967] futex hash table entries: 512 (order: 3, 32768 bytes)
[    0.173967] pinctrl core: initialized pinctrl subsystem
[    0.173967] RTC time: 12:04:07, date: 05/04/21
[    0.174545] NET: Registered protocol family 16
[    0.175529] audit: initializing netlink subsys (disabled)
[    0.180062] audit: type=2000 audit(1620129852.566:1): state=initialized audit_enabled=0 res=1
[    0.181658] cpuidle: using governor ladder
[    0.181658] cpuidle: using governor menu
[    0.184144] ACPI: bus type PCI registered
[    0.185012] acpiphp: ACPI Hot Plug PCI Controller Driver version: 0.5
[    0.186365] PCI: Using configuration type 1 for base access
[    0.187434] PCI: Using configuration type 1 for extended access
[    0.191147] HugeTLB registered 2.00 MiB page size, pre-allocated 0 pages
[    0.192111] ACPI: Added _OSI(Module Device)
[    0.193014] ACPI: Added _OSI(Processor Device)
[    0.193014] ACPI: Added _OSI(3.0 _SCP Extensions)
[    0.193014] ACPI: Added _OSI(Processor Aggregator Device)
[    0.194443] ACPI: Added _OSI(Linux-Dell-Video)
[    0.195752] ACPI: Added _OSI(Linux-Lenovo-NV-HDMI-Audio)
[    0.200015] ACPI: Added _OSI(Linux-HPI-Hybrid-Graphics)
[    0.201646] ACPI: Executed 1 blocks of module-level executable AML code
[    0.205173] ACPI: Interpreter enabled
[    0.206275] ACPI: (supports S0 S5)
[    0.207145] ACPI: Using IOAPIC for interrupt routing
[    0.208000] PCI: Using host bridge windows from ACPI; if necessary, use "pci=nocrs" and report a bug
[    0.212285] ACPI: Enabled 2 GPEs in block 00 to 07
[    0.219597] ACPI: PCI Root Bridge [PCI0] (domain 0000 [bus 00-ff])
[    0.220021] acpi PNP0A03:00: _OSC: OS supports [ExtendedConfig ASPM ClockPM Segments MSI]
[    0.223378] acpi PNP0A03:00: _OSC: platform does not support [PCIeCapability]
[    0.229230] acpi PNP0A03:00: _OSC: not requesting control; platform does not support [PCIeCapability]
[    0.232018] acpi PNP0A03:00: _OSC: OS requested [PCIeHotplug PME AER PCIeCapability]
[    0.233845] acpi PNP0A03:00: _OSC: platform willing to grant [PCIeHotplug PME AER]
[    0.236018] acpi PNP0A03:00: _OSC failed (AE_SUPPORT); disabling ASPM
[    0.236710] PCI host bridge to bus 0000:00
[    0.238794] pci_bus 0000:00: root bus resource [io  0x0000-0x0cf7 window]
[    0.240018] pci_bus 0000:00: root bus resource [io  0x0d00-0xffff window]
[    0.242704] pci_bus 0000:00: root bus resource [mem 0x000a0000-0x000bffff window]
[    0.248013] pci_bus 0000:00: root bus resource [mem 0x80000000-0xfdffffff window]
[    0.250588] pci_bus 0000:00: root bus resource [bus 00-ff]
[    0.253867] pci 0000:00:01.1: legacy IDE quirk: reg 0x10: [io  0x01f0-0x01f7]
[    0.255544] pci 0000:00:01.1: legacy IDE quirk: reg 0x14: [io  0x03f6]
[    0.260014] pci 0000:00:01.1: legacy IDE quirk: reg 0x18: [io  0x0170-0x0177]
[    0.262239] pci 0000:00:01.1: legacy IDE quirk: reg 0x1c: [io  0x0376]
[    0.306629] pci 0000:00:07.0: quirk: [io  0x4000-0x403f] claimed by PIIX4 ACPI
[    0.312069] pci 0000:00:07.0: quirk: [io  0x4100-0x410f] claimed by PIIX4 SMB
[    0.336048] ACPI: PCI Interrupt Link [LNKA] (IRQs 5 9 10 *11)
[    0.337832] ACPI: PCI Interrupt Link [LNKB] (IRQs 5 9 *10 11)
[    0.339283] ACPI: PCI Interrupt Link [LNKC] (IRQs 5 *9 10 11)
[    0.344190] ACPI: PCI Interrupt Link [LNKD] (IRQs 5 9 10 *11)
[    0.346037] SCSI subsystem initialized
[    0.352112] pci 0000:00:02.0: vgaarb: setting as boot VGA device
[    0.353353] pci 0000:00:02.0: vgaarb: VGA device added: decodes=io+mem,owns=io+mem,locks=none
[    0.356010] pci 0000:00:02.0: vgaarb: bridge control possible
[    0.357258] vgaarb: loaded
[    0.357258] ACPI: bus type USB registered
[    0.357258] usbcore: registered new interface driver usbfs
[    0.358287] usbcore: registered new interface driver hub
[    0.360047] usbcore: registered new device driver usb
[    0.364046] EDAC MC: Ver: 3.0.0
[    0.365144] PCI: Using ACPI for IRQ routing
[    0.368006] NetLabel: Initializing
[    0.368006] NetLabel:  domain hash size = 128
[    0.368006] NetLabel:  protocols = UNLABELED CIPSOv4 CALIPSO
[    0.368053] NetLabel:  unlabeled traffic allowed by default
[    0.372138] clocksource: Switched to clocksource kvm-clock
[    0.400060] VFS: Disk quotas dquot_6.6.0
[    0.401258] VFS: Dquot-cache hash table entries: 512 (order 0, 4096 bytes)
[    0.403893] AppArmor: AppArmor Filesystem Enabled
[    0.405351] pnp: PnP ACPI init
[    0.408220] pnp: PnP ACPI: found 3 devices
[    0.421782] clocksource: acpi_pm: mask: 0xffffff max_cycles: 0xffffff, max_idle_ns: 2085701024 ns
[    0.423913] NET: Registered protocol family 2
[    0.425207] TCP established hash table entries: 16384 (order: 5, 131072 bytes)
[    0.427062] TCP bind hash table entries: 16384 (order: 6, 262144 bytes)
[    0.428804] TCP: Hash tables configured (established 16384 bind 16384)
[    0.432214] UDP hash table entries: 1024 (order: 3, 32768 bytes)
[    0.433825] UDP-Lite hash table entries: 1024 (order: 3, 32768 bytes)
[    0.435662] NET: Registered protocol family 1
[    0.436913] pci 0000:00:00.0: Limiting direct PCI/PCI transfers
[    0.438334] pci 0000:00:01.0: Activating ISA DMA hang workarounds
[    0.439977] pci 0000:00:02.0: Video device with shadowed ROM at [mem 0x000c0000-0x000dffff]
[    0.442350] Unpacking initramfs...
[    0.837739] Freeing initrd memory: 19224K
[    0.838759] clocksource: tsc: mask: 0xffffffffffffffff max_cycles: 0x398caf77d7a, max_idle_ns: 881590459467 ns
[    0.841077] platform rtc_cmos: registered platform RTC device (no PNP device found)
[    0.842589] Scanning for low memory corruption every 60 seconds
[    0.844995] Initialise system trusted keyrings
[    0.846351] Key type blacklist registered
[    0.847600] workingset: timestamp_bits=36 max_order=19 bucket_order=0
[    0.850415] zbud: loaded
[    0.851891] squashfs: version 4.0 (2009/01/31) Phillip Lougher
[    0.853600] fuse init (API version 7.26)
[    0.859263] Key type asymmetric registered
[    0.860180] Asymmetric key parser 'x509' registered
[    0.861282] Block layer SCSI generic (bsg) driver version 0.4 loaded (major 246)
[    0.862839] io scheduler noop registered
[    0.863670] io scheduler deadline registered
[    0.864658] io scheduler cfq registered (default)
[    0.866138] ACPI: AC Adapter [AC] (on-line)
[    0.867330] input: Power Button as /devices/LNXSYSTM:00/LNXPWRBN:00/input/input0
[    0.869249] ACPI: Power Button [PWRF]
[    0.870357] input: Sleep Button as /devices/LNXSYSTM:00/LNXSLPBN:00/input/input1
[    0.872212] ACPI: Sleep Button [SLPF]
[    0.873731] Serial: 8250/16550 driver, 32 ports, IRQ sharing enabled
[    0.875162] ACPI: Battery Slot [BAT0] (battery present)
[    0.897697] 00:02: ttyS0 at I/O 0x3f8 (irq = 4, base_baud = 115200) is a 16550A
[    0.910341] Linux agpgart interface v0.103
[    0.915706] loop: module loaded
[    0.917353] scsi host0: ata_piix
[    0.918500] scsi host1: ata_piix
[    0.919417] ata1: PATA max UDMA/33 cmd 0x1f0 ctl 0x3f6 bmdma 0xd000 irq 14
[    0.921078] ata2: PATA max UDMA/33 cmd 0x170 ctl 0x376 bmdma 0xd008 irq 15
[    0.923430] libphy: Fixed MDIO Bus: probed
[    0.924551] tun: Universal TUN/TAP device driver, 1.6
[    0.926063] PPP generic driver version 2.4.2
[    0.927321] ehci_hcd: USB 2.0 'Enhanced' Host Controller (EHCI) Driver
[    0.928896] ehci-pci: EHCI PCI platform driver
[    0.930046] ehci-platform: EHCI generic platform driver
[    0.931367] ohci_hcd: USB 1.1 'Open' Host Controller (OHCI) Driver
[    0.932966] ohci-pci: OHCI PCI platform driver
[    0.934262] ohci-platform: OHCI generic platform driver
[    0.935560] uhci_hcd: USB Universal Host Controller Interface driver
[    0.937261] i8042: PNP: PS/2 Controller [PNP0303:PS2K,PNP0f03:PS2M] at 0x60,0x64 irq 1,12
[    0.939989] serio: i8042 KBD port at 0x60,0x64 irq 1
[    0.941334] serio: i8042 AUX port at 0x60,0x64 irq 12
[    0.942946] mousedev: PS/2 mouse device common for all mice
[    0.944859] input: AT Translated Set 2 keyboard as /devices/platform/i8042/serio0/input/input2
[    0.947693] rtc_cmos rtc_cmos: rtc core: registered rtc_cmos as rtc0
[    0.949315] rtc_cmos rtc_cmos: alarms up to one day, 114 bytes nvram
[    0.950869] i2c /dev entries driver
[    0.951975] device-mapper: uevent: version 1.0.3
[    0.953390] device-mapper: ioctl: 4.37.0-ioctl (2017-09-20) initialised: dm-devel@redhat.com
[    0.955596] ledtrig-cpu: registered to indicate activity on CPUs
[    0.957803] NET: Registered protocol family 10
[    0.964313] Segment Routing with IPv6
[    0.965212] NET: Registered protocol family 17
[    0.966678] Key type dns_resolver registered
[    0.968078] mce: Using 0 MCE banks
[    0.969071] RAS: Correctable Errors collector initialized.
[    0.970550] sched_clock: Marking stable (969030216, 0)->(1209143928, -240113712)
[    0.973062] registered taskstats version 1
[    0.974100] Loading compiled-in X.509 certificates
[    0.978669] Loaded X.509 cert 'Build time autogenerated kernel key: c356b48d5f070be9e15fb09bbd57426939f0386e'
[    0.981220] zswap: loaded using pool lzo/zbud
[    0.987504] Key type big_key registered
[    0.988729] Key type trusted registered
[    0.992354] Key type encrypted registered
[    0.993286] AppArmor: AppArmor sha1 policy hashing enabled
[    0.994833] ima: No TPM chip found, activating TPM-bypass! (rc=-19)
[    0.996600] ima: Allocated hash algorithm: sha1
[    0.997976] evm: HMAC attrs: 0x1
[    0.999034]   Magic number: 5:79:76
[    0.999944] rtc_cmos rtc_cmos: setting system clock to 2021-05-04 12:04:08 UTC (1620129848)
[    1.001861] BIOS EDD facility v0.16 2004-Jun-25, 0 devices found
[    1.003309] EDD information not available.
[    1.108866] Freeing unused kernel image memory: 2440K
[    1.120040] Write protecting the kernel read-only data: 20480k
[    1.122209] Freeing unused kernel image memory: 2008K
[    1.123723] Freeing unused kernel image memory: 1868K
[    1.136079] x86/mm: Checked W+X mappings: passed, no W+X pages found.
Loading, please wait...
starting version 237
[    1.218962] e1000: Intel(R) PRO/1000 Network Driver - version 7.3.21-k8-NAPI
[    1.220642] e1000: Copyright (c) 1999-2006 Intel Corporation.
[    1.224191] Fusion MPT base driver 3.04.20
[    1.225367] Copyright (c) 1999-2008 LSI Corporation
[    1.253889] AVX2 version of gcm_enc/dec engaged.
[    1.255055] AES CTR mode by8 optimization enabled
[    1.258959] Fusion MPT SPI Host driver 3.04.20
[    1.441135] input: ImExPS/2 Generic Explorer Mouse as /devices/platform/i8042/serio1/input/input4
[    1.679251] e1000 0000:00:03.0 eth0: (PCI:33MHz:32-bit) 02:dd:e5:eb:6c:77
[    1.680850] e1000 0000:00:03.0 eth0: Intel(R) PRO/1000 Network Connection
[    2.383271] e1000 0000:00:08.0 eth1: (PCI:33MHz:32-bit) 08:00:27:c2:80:38
[    2.385138] e1000 0000:00:08.0 eth1: Intel(R) PRO/1000 Network Connection
[    2.389601] e1000 0000:00:08.0 enp0s8: renamed from eth1
[    2.391175] mptbase: ioc0: Initiating bringup
[    2.409404] e1000 0000:00:03.0 enp0s3: renamed from eth0
[    2.496991] ioc0: LSI53C1030 A0: Capabilities={Initiator}
[    2.738345] scsi host2: ioc0: LSI53C1030 A0, FwRev=00000000h, Ports=1, MaxQ=256, IRQ=20
[    2.905632] scsi 2:0:0:0: Direct-Access     VBOX     HARDDISK         1.0  PQ: 0 ANSI: 5
[    2.936433] scsi target2:0:0: Beginning Domain Validation
[    2.938739] scsi target2:0:0: Domain Validation skipping write tests
[    2.940325] scsi target2:0:0: Ending Domain Validation
[    2.941506] scsi target2:0:0: asynchronous
[    2.942921] scsi 2:0:1:0: Direct-Access     VBOX     HARDDISK         1.0  PQ: 0 ANSI: 5
[    3.632556] scsi target2:0:1: Beginning Domain Validation
[    3.634872] random: fast init done
[    3.636187] scsi target2:0:1: Domain Validation skipping write tests
[    3.637916] scsi target2:0:1: Ending Domain Validation
[    3.639301] scsi target2:0:1: asynchronous
[    3.645608] random: systemd-udevd: uninitialized urandom read (16 bytes read)
[    3.647345] random: systemd-udevd: uninitialized urandom read (16 bytes read)
[    3.649331] random: systemd-udevd: uninitialized urandom read (16 bytes read)
[    3.649399] sd 2:0:0:0: Attached scsi generic sg0 type 0
[    3.653873] sd 2:0:0:0: [sda] 83886080 512-byte logical blocks: (42.9 GB/40.0 GiB)
[    3.654339] sd 2:0:1:0: [sdb] 20480 512-byte logical blocks: (10.5 MB/10.0 MiB)
[    3.656597] sd 2:0:1:0: Attached scsi generic sg1 type 0
[    3.658197] sd 2:0:0:0: [sda] Write Protect is off
[    3.659642] sd 2:0:1:0: [sdb] Write Protect is off
[    3.662116] sd 2:0:0:0: [sda] Incomplete mode parameter data
[    3.662126] sd 2:0:1:0: [sdb] Incomplete mode parameter data
[    3.663343] sd 2:0:0:0: [sda] Assuming drive cache: write through
[    3.664871] sd 2:0:1:0: [sdb] Assuming drive cache: write through
[    3.674781]  sda: sda1
[    3.676747] sd 2:0:0:0: [sda] Attached SCSI disk
[    3.676927] sd 2:0:1:0: [sdb] Attached SCSI disk
Begin: Loading essential drivers ... [    5.324671] raid6: sse2x1   gen()  4949 MB/s
[    5.372606] raid6: sse2x1   xor()  4399 MB/s
[    5.420591] raid6: sse2x2   gen()  8861 MB/s
[    5.468626] raid6: sse2x2   xor()  5039 MB/s
[    5.516644] raid6: sse2x4   gen()  8709 MB/s
[    5.565559] raid6: sse2x4   xor()  5629 MB/s
[    5.613572] raid6: avx2x1   gen()  8280 MB/s
[    5.661561] raid6: avx2x1   xor()  7363 MB/s
[    5.708267] raid6: avx2x2   gen() 10691 MB/s
[    5.756209] raid6: avx2x2   xor()  7392 MB/s
[    5.805168] raid6: avx2x4   gen() 10629 MB/s
[    5.852191] raid6: avx2x4   xor()  5664 MB/s
[    5.853398] raid6: using algorithm avx2x2 gen() 10691 MB/s
[    5.854984] raid6: .... xor() 7392 MB/s, rmw enabled
[    5.856460] raid6: using avx2x2 recovery algorithm
[    5.859704] xor: automatically using best checksumming function   avx       
[    5.864117] async_tx: api initialized (async)
done.
Begin: Running /scripts/init-premount ... done.
Begin: Mounting root file system ... Begin: Running /scripts/local-top ... done.
Begin: Running /scripts/local-premount ... [    5.942877] Btrfs loaded, crc32c=crc32c-intel
Scanning for Btrfs filesystems
done.
Warning: fsck not present, so skipping root file system
[    6.003320] EXT4-fs (sda1): mounted filesystem with ordered data mode. Opts: (null)
done.
Begin: Running /scripts/local-bottom ... done.
Begin: Running /scripts/init-bottom ... done.
[    6.251022] ip_tables: (C) 2000-2006 Netfilter Core Team
[    6.268946] systemd[1]: systemd 237 running in system mode. (+PAM +AUDIT +SELINUX +IMA +APPARMOR +SMACK +SYSVINIT +UTMP +LIBCRYPTSETUP +GCRYPT +GNUTLS +ACL +XZ +LZ4 +SECCOMP +BLKID +ELFUTILS +KMOD -IDN2 +IDN -PCRE2 default-hierarchy=hybrid)
[    6.275128] systemd[1]: Detected virtualization oracle.
[    6.276754] systemd[1]: Detected architecture x86-64.

Welcome to [1mUbuntu 18.04.5 LTS[0m!

[    6.287629] systemd[1]: Set hostname to <ubuntu-bionic>.
[    6.686903] systemd[1]: Created slice User and Session Slice.
[[0;32m  OK  [0m] Created slice User and Session Slice.
[    6.689340] systemd[1]: Started Forward Password Requests to Wall Directory Watch.
[[0;32m  OK  [0m] Started Forward Password Requests to Wall Directory Watch.
[    6.693112] systemd[1]: Set up automount Arbitrary Executable File Formats File System Automount Point.
[[0;32m  OK  [0m] Set up automount Arbitrary Executab…rmats File System Automount Point.
[    6.696733] systemd[1]: Reached target Swap.
[[0;32m  OK  [0m] Reached target Swap.
[    6.699058] systemd[1]: Created slice System Slice.
[[0;32m  OK  [0m] Created slice System Slice.
[    6.701850] systemd[1]: Listening on LVM2 poll daemon socket.
[[0;32m  OK  [0m] Listening on LVM2 poll daemon socket.
[[0;32m  OK  [0m] Listening on Syslog Socket.
[[0;32m  OK  [0m] Listening on udev Control Socket.
[[0;32m  OK  [0m] Listening on Journal Audit Socket.
[[0;32m  OK  [0m] Created slice system-serial\x2dgetty.slice.
[[0;32m  OK  [0m] Listening on fsck to fsckd communication Socket.
[[0;32m  OK  [0m] Listening on LVM2 metadata daemon socket.
[[0;32m  OK  [0m] Listening on Journal Socket.
         Starting Load Kernel Modules...
         Mounting Kernel Debug File System...
         Starting File System Check on Root Device...
         Mounting Huge Pages File System...
[[0;32m  OK  [0m] Listening on udev Kernel Socket.
         Starting udev Coldplug all Devices...
[    6.749944] Loading iSCSI transport class v2.0-870.
         Mounting POSIX Message Queue File System...
         Starting Create list of required st…ce nodes for the current kernel...
         Starting Set the console keyboard layout...
[[0;32m  OK  [0m] Reached target Slices.
[[0;32m  OK  [0m] Listening on Device-mapper event daemon FIFOs.
[[0;32m  OK  [0m] Listening on /dev/initctl Compatibility Named Pipe.
[[0;32m  OK  [0m] Reached target User and Group Name Lookups.
[[0;32m  OK  [0m] Reached target System Time Synchronized.
[[0;32m  OK  [0m] Listening on Network Service Netlink Socket.
         Starting Uncomplicated firewall...
         Starting Monitoring of LVM2 mirrors…ng dmeventd or progress polling...
[[0;32m  OK  [0m] Listening on Journal Socket (/dev/log).
         Starting Journal Service...
[[0;32m  OK  [0m] Mounted Kernel Debug File System.
[[0;32m  OK  [0m] Mounted Huge Pages File System.
[    6.812953] iscsi: registered transport (tcp)
[[0;32m  OK  [0m] Mounted POSIX Message Queue File System.
[[0;32m  OK  [0m] Started Create list of required sta…vice nodes for the current kernel.
[[0;32m  OK  [0m] Started File System Check Daemon to report status.
         Starting Create Static Device Nodes in /dev...
[[0;32m  OK  [0m] Started Uncomplicated firewall.
[[0;32m  OK  [0m] Started udev Coldplug all Devices.
[[0;32m  OK  [0m] Started LVM2 metadata daemon.
[    6.909839] iscsi: registered transport (iser)
[[0;32m  OK  [0m] Started Load Kernel Modules.
         Mounting Kernel Configuration File System...
         Mounting FUSE Control File System...
         Starting Apply Kernel Variables...
[[0;32m  OK  [0m] Mounted Kernel Configuration File System.
[[0;32m  OK  [0m] Mounted FUSE Control File System.
[[0;32m  OK  [0m] Started Create Static Device Nodes in /dev.
[[0;32m  OK  [0m] Started File System Check on Root Device.
         Starting Remount Root and Kernel File Systems...
[[0;32m  OK  [0m] Started Journal Service.
[[0;32m  OK  [0m] Started Apply Kernel Variables.
[[0;32m  OK  [0m] Started Remount Root and Kernel File Systems.
         Starting Flush Journal to Persistent Storage...
         Starting udev Kernel Device Manager...
         Starting Load/Save Random Seed...
[[0;32m  OK  [0m] Started Monitoring of LVM2 mirrors,…sing dmeventd or progress polling.
[[0;32m  OK  [0m] Started Load/Save Random Seed.
[[0;32m  OK  [0m] Started udev Kernel Device Manager.
[[0;32m  OK  [0m] Started Set the console keyboard layout.
[[0;32m  OK  [0m] Reached target Local File Systems (Pre).
         Mounting /vagrant_data...
[[0;32m  OK  [0m] Reached target Local File Systems.
         Starting AppArmor initialization...
         Starting ebtables ruleset management...
         Starting Tell Plymouth To Write Out Runtime Data...
         Starting Set console font and keymap...
[[0;32m  OK  [0m] Started Dispatch Password Requests to Console Directory Watch.
[[0;32m  OK  [0m] Reached target Local Encrypted Volumes.
[[0;32m  OK  [0m] Started Flush Journal to Persistent Storage.
         Starting Create Volatile Files and Directories...
[[0;32m  OK  [0m] Started Tell Plymouth To Write Out Runtime Data.
[[0;32m  OK  [0m] Started Set console font and keymap.
[[0;32m  OK  [0m] Mounted /vagrant_data.
[[0;32m  OK  [0m] Started Create Volatile Files and Directories.
         Starting Update UTMP about System Boot/Shutdown...
[[0;32m  OK  [0m] Started Update UTMP about System Boot/Shutdown.
[[0;32m  OK  [0m] Started ebtables ruleset management.
[[0;32m  OK  [0m] Found device /dev/ttyS0.
[[0;32m  OK  [0m] Started AppArmor initialization.
         Starting Load AppArmor profiles managed internally by snapd...
         Starting Initial cloud-init job (pre-networking)...
[[0;32m  OK  [0m] Started Load AppArmor profiles managed internally by snapd.
[[0;32m  OK  [0m] Listening on Load/Save RF Kill Switch Status /dev/rfkill Watch.
[   10.156478] cloud-init[553]: Cloud-init v. 20.4.1-0ubuntu1~18.04.1 running 'init-local' at Tue, 04 May 2021 12:04:17 +0000. Up 9.84 seconds.
[[0;32m  OK  [0m] Started Initial cloud-init job (pre-networking).
[[0;32m  OK  [0m] Reached target Network (Pre).
         Starting Network Service...
[[0;32m  OK  [0m] Started Network Service.
         Starting Wait for Network to be Configured...
         Starting Network Name Resolution...
[[0;32m  OK  [0m] Started Network Name Resolution.
[[0;32m  OK  [0m] Reached target Host and Network Name Lookups.
[[0;32m  OK  [0m] Reached target Network.
[[0;32m  OK  [0m] Started Wait for Network to be Configured.
         Starting Initial cloud-init job (metadata service crawler)...
[   14.323266] cloud-init[676]: Cloud-init v. 20.4.1-0ubuntu1~18.04.1 running 'init' at Tue, 04 May 2021 12:04:21 +0000. Up 13.64 seconds.
[   14.350029] cloud-init[676]: ci-info: ++++++++++++++++++++++++++++++++++++++Net device info+++++++++++++++++++++++++++++++++++++++
[   14.356780] cloud-init[676]: ci-info: +--------+------+-----------------------------+---------------+--------+-------------------+
[   14.366209] cloud-init[676]: ci-info: | Device |  Up  |           Address           |      Mask     | Scope  |     Hw-Address    |
[   14.371869] cloud-init[676]: ci-info: +--------+------+-----------------------------+---------------+--------+-------------------+
[   14.381737] cloud-init[676]: ci-info: | enp0s3 | True |          10.0.2.15          | 255.255.255.0 | global | 02:dd:e5:eb:6c:77 |
[   14.388907] cloud-init[676]: ci-info: | enp0s3 | True |  fe80::dd:e5ff:feeb:6c77/64 |       .       |  link  | 02:dd:e5:eb:6c:77 |
[   14.394769] cloud-init[676]: ci-info: | enp0s8 | True |       100.104.146.213       | 255.255.255.0 | global | 08:00:27:c2:80:38 |
[   14.399742] cloud-init[676]: ci-info: | enp0s8 | True | fe80::a00:27ff:fec2:8038/64 |       .       |  link  | 08:00:27:c2:80:38 |
[   14.404484] cloud-init[676]: ci-info: |   lo   | True |          127.0.0.1          |   255.0.0.0   |  host  |         .         |
[   14.410523] cloud-init[676]: ci-info: |   lo   | True |           ::1/128           |       .       |  host  |         .         |
[   14.416864] cloud-init[676]: ci-info: +--------+------+-----------------------------+---------------+--------+-------------------+
[   14.420919] cloud-init[676]: ci-info: +++++++++++++++++++++++++++++Route IPv4 info++++++++++++++++++++++++++++++
[   14.426160] cloud-init[676]: ci-info: +-------+---------------+----------+-----------------+-----------+-------+
[   14.430602] cloud-init[676]: ci-info: | Route |  Destination  | Gateway  |     Genmask     | Interface | Flags |
[   14.435782] cloud-init[676]: ci-info: +-------+---------------+----------+-----------------+-----------+-------+
[   14.439174] cloud-init[676]: ci-info: |   0   |    0.0.0.0    | 10.0.2.2 |     0.0.0.0     |   enp0s3  |   UG  |
[   14.444825] cloud-init[676]: ci-info: |   1   |    10.0.2.0   | 0.0.0.0  |  255.255.255.0  |   enp0s3  |   U   |
[   14.448157] cloud-init[676]: ci-info: |   2   |    10.0.2.2   | 0.0.0.0  | 255.255.255.255 |   enp0s3  |   UH  |
[   14.452490] cloud-init[676]: ci-info: |   3   | 100.104.146.0 | 0.0.0.0  |  255.255.255.0  |   enp0s8  |   U   |
[   14.460747] cloud-init[676]: ci-info: +-------+---------------+----------+-----------------+-----------+-------+
[   14.478323] cloud-init[676]: ci-info: +++++++++++++++++++Route IPv6 info+++++++++++++++++++
[   14.482367] cloud-init[676]: ci-info: +-------+-------------+---------+-----------+-------+
[   14.487015] cloud-init[676]: ci-info: | Route | Destination | Gateway | Interface | Flags |
[   14.490099] cloud-init[676]: ci-info: +-------+-------------+---------+-----------+-------+
[   14.493813] cloud-init[676]: ci-info: |   1   |  fe80::/64  |    ::   |   enp0s3  |   U   |
[   14.498136] cloud-init[676]: ci-info: |   2   |  fe80::/64  |    ::   |   enp0s8  |   U   |
[   14.502864] cloud-init[676]: ci-info: |   4   |    local    |    ::   |   enp0s3  |   U   |
[   14.517409] cloud-init[676]: ci-info: |   5   |    local    |    ::   |   enp0s8  |   U   |
[   14.521041] cloud-init[676]: ci-info: |   6   |   ff00::/8  |    ::   |   enp0s3  |   U   |
[   14.525839] cloud-init[676]: ci-info: |   7   |   ff00::/8  |    ::   |   enp0s8  |   U   |
[   14.530380] cloud-init[676]: ci-info: +-------+-------------+---------+-----------+-------+
[[0;32m  OK  [0m] Started Initial cloud-init job (metadata service crawler).
[[0;32m  OK  [0m] Reached target System Initialization.
[[0;32m  OK  [0m] Listening on ACPID Listen Socket.
[[0;32m  OK  [0m] Listening on D-Bus System Message Bus Socket.
[[0;32m  OK  [0m] Started Discard unused blocks once a week.
         Starting Socket activation for snappy daemon.
[[0;32m  OK  [0m] Listening on UUID daemon activation socket.
[[0;32m  OK  [0m] Started ACPI Events Check.
[[0;32m  OK  [0m] Listening on Open-iSCSI iscsid Socket.
[[0;32m  OK  [0m] Started Message of the Day.
[[0;32m  OK  [0m] Reached target Paths.
[[0;32m  OK  [0m] Started Daily apt download activities.
[[0;32m  OK  [0m] Started Daily apt upgrade and clean activities.
[[0;32m  OK  [0m] Started Daily Cleanup of Temporary Directories.
[[0;32m  OK  [0m] Reached target Timers.
         Starting LXD - unix socket.
[[0;32m  OK  [0m] Reached target Cloud-config availability.
[[0;32m  OK  [0m] Reached target Network is Online.
         Starting Availability of block devices...
[[0;32m  OK  [0m] Reached target Remote File Systems (Pre).
[[0;32m  OK  [0m] Reached target Remote File Systems.
[[0;32m  OK  [0m] Listening on Socket activation for snappy daemon.
[[0;32m  OK  [0m] Listening on LXD - unix socket.
[[0;32m  OK  [0m] Started Availability of block devices.
[[0;32m  OK  [0m] Reached target Sockets.
[[0;32m  OK  [0m] Reached target Basic System.
[[0;32m  OK  [0m] Started FUSE filesystem for LXC.
         Starting Virtualbox guest utils...
[[0;32m  OK  [0m] Started Regular background program processing daemon.
         Starting LSB: Record successful boot for GRUB...
         Starting Login Service...
         Starting Pollinate to seed the pseudo random number generator...
         Starting Permit User Sessions...
[[0;32m  OK  [0m] Started Deferred execution scheduler.
         Starting Snap Daemon...
         Starting System Logging Service...
         Starting Dispatcher daemon for systemd-networkd...
         Starting LXD - container startup/shutdown...
         Starting Accounts Service...
         Starting LSB: automatic crash report generation...
[[0;32m  OK  [0m] Started D-Bus System Message Bus.
[[0;32m  OK  [0m] Started Login Service.
[[0;32m  OK  [0m] Started Unattended Upgrades Shutdown.
[[0;32m  OK  [0m] Started irqbalance daemon.
[[0;32m  OK  [0m] Started System Logging Service.
[[0;32m  OK  [0m] Started Permit User Sessions.
         Starting Hold until boot process finishes up...
         Starting Terminate Plymouth Boot Screen...
[[0;32m  OK  [0m] Started Hold until boot process finishes up.
         Starting Set console scheme...
[[0;32m  OK  [0m] Started Serial Getty on ttyS0.
[[0;32m  OK  [0m] Started Terminate Plymouth Boot Screen.
[[0;32m  OK  [0m] Started Set console scheme.
[[0;32m  OK  [0m] Created slice system-getty.slice.
[[0;32m  OK  [0m] Started Getty on tty1.
[[0;32m  OK  [0m] Reached target Login Prompts.
         Starting Authorization Manager...
[[0;32m  OK  [0m] Started LSB: automatic crash report generation.
[[0;32m  OK  [0m] Started LSB: Record successful boot for GRUB.
[[0;32m  OK  [0m] Started Authorization Manager.
[[0;32m  OK  [0m] Started Accounts Service.
[[0;32m  OK  [0m] Started LXD - container startup/shutdown.
[[0;32m  OK  [0m] Started Virtualbox guest utils.
[[0;32m  OK  [0m] Started Dispatcher daemon for systemd-networkd.
[[0;32m  OK  [0m] Started Snap Daemon.
         Starting Wait until snapd is fully seeded...
[[0;32m  OK  [0m] Started Wait until snapd is fully seeded.
         Starting Apply the settings specified in cloud-config...
[[0;32m  OK  [0m] Started Pollinate to seed the pseudo random number generator.
         Starting OpenBSD Secure Shell server...
[[0;32m  OK  [0m] Started OpenBSD Secure Shell server.
[[0;32m  OK  [0m] Reached target Multi-User System.
[[0;32m  OK  [0m] Reached target Graphical Interface.
         Starting Update UTMP about System Runlevel Changes...
[[0;32m  OK  [0m] Started Update UTMP about System Runlevel Changes.
[[0;32m  OK  [0m] Created slice User Slice of vagrant.
         Starting User Manager for UID 1000...
[[0;32m  OK  [0m] Started Session 1 of user vagrant.
[[0;32m  OK  [0m] Started User Manager for UID 1000.
[   19.048574] cloud-init[995]: Cloud-init v. 20.4.1-0ubuntu1~18.04.1 running 'modules:config' at Tue, 04 May 2021 12:04:26 +0000. Up 18.75 seconds.
[[0;32m  OK  [0m] Started Apply the settings specified in cloud-config.
         Starting Execute cloud user/final scripts...
[   20.591047] cloud-init[1113]: Cloud-init v. 20.4.1-0ubuntu1~18.04.1 running 'modules:final' at Tue, 04 May 2021 12:04:27 +0000. Up 20.30 seconds.
[   20.595700] cloud-init[1113]: Cloud-init v. 20.4.1-0ubuntu1~18.04.1 finished at Tue, 04 May 2021 12:04:28 +0000. Datasource DataSourceNoCloud [seed=/dev/sdb][dsmode=net].  Up 20.56 seconds
[[0;32m  OK  [0m] Started Execute cloud user/final scripts.
[[0;32m  OK  [0m] Reached target Cloud-init target.

Ubuntu 18.04.5 LTS ubuntu-bionic ttyS0

ubuntu-bionic login: 